{
  "stats": {
    "suites": 1,
    "tests": 3,
    "passes": 2,
    "pending": 0,
    "failures": 1,
    "start": "2024-06-04T06:31:16.881Z",
    "end": "2024-06-04T06:31:26.415Z",
    "duration": 9534,
    "testsRegistered": 3,
    "passPercent": 66.66666666666666,
    "pendingPercent": 0,
    "other": 0,
    "hasOther": false,
    "skipped": 0,
    "hasSkipped": false
  },
  "results": [
    {
      "uuid": "789e22e0-651e-47fc-803a-67eff4ba2fc5",
      "title": "",
      "fullFile": "cypress/integration/google_search_failure_spec.js",
      "file": "cypress/integration/google_search_failure_spec.js",
      "beforeHooks": [],
      "afterHooks": [],
      "tests": [],
      "suites": [
        {
          "uuid": "37e46916-d982-429d-92c0-a4afc79781c0",
          "title": "Google fail search",
          "fullFile": "",
          "file": "",
          "beforeHooks": [],
          "afterHooks": [],
          "tests": [
            {
              "title": "Successfully loads Google.com",
              "fullTitle": "Google fail search Successfully loads Google.com",
              "timedOut": null,
              "duration": 1916,
              "state": "passed",
              "speed": "fast",
              "pass": true,
              "fail": false,
              "pending": false,
              "context": "\"videos/google_search_failure_spec.js.mp4\"",
              "code": "cy.visit('https://www.google.com');",
              "err": {},
              "uuid": "3053fb19-dc26-4837-b626-bc008cf3afda",
              "parentUUID": "37e46916-d982-429d-92c0-a4afc79781c0",
              "isHook": false,
              "skipped": false
            },
            {
              "title": "Search for something strange",
              "fullTitle": "Google fail search Search for something strange",
              "timedOut": null,
              "duration": 1890,
              "state": "passed",
              "speed": "fast",
              "pass": true,
              "fail": false,
              "pending": false,
              "context": "\"videos/google_search_failure_spec.js.mp4\"",
              "code": "cy.get('[name=\"q\"]').type('anqqaxc a57k2..').should('have.value', 'anqqaxc a57k2..').type('{enter}');",
              "err": {},
              "uuid": "b568801a-5b68-44c7-8dda-afc2fcc34d4b",
              "parentUUID": "37e46916-d982-429d-92c0-a4afc79781c0",
              "isHook": false,
              "skipped": false
            },
            {
              "title": "Expect more than 1000 results",
              "fullTitle": "Google fail search Expect more than 1000 results",
              "timedOut": null,
              "duration": 4192,
              "state": "failed",
              "speed": null,
              "pass": false,
              "fail": true,
              "pending": false,
              "context": "\"videos/google_search_failure_spec.js.mp4\"",
              "code": "cy.get('[id=\"result-stats\"]').contains('100 results');",
              "err": {
                "message": "AssertionError: Timed out retrying after 4000ms: Expected to find content: '100 results' within the element: <div#result-stats> but never did.",
                "estack": "AssertionError: Timed out retrying after 4000ms: Expected to find content: '100 results' within the element: <div#result-stats> but never did.\n    at Context.eval (https://www.google.com/__cypress/tests?p=cypress/integration/google_search_failure_spec.js:107:35)",
                "diff": null
              },
              "uuid": "d61e2aac-bdd4-4e17-b98e-d593ac1b9e36",
              "parentUUID": "37e46916-d982-429d-92c0-a4afc79781c0",
              "isHook": false,
              "skipped": false
            }
          ],
          "suites": [],
          "passes": [
            "3053fb19-dc26-4837-b626-bc008cf3afda",
            "b568801a-5b68-44c7-8dda-afc2fcc34d4b"
          ],
          "failures": [
            "d61e2aac-bdd4-4e17-b98e-d593ac1b9e36"
          ],
          "pending": [],
          "skipped": [],
          "duration": 7998,
          "root": false,
          "rootEmpty": false,
          "_timeout": 2000
        }
      ],
      "passes": [],
      "failures": [],
      "pending": [],
      "skipped": [],
      "duration": 0,
      "root": true,
      "rootEmpty": true,
      "_timeout": 2000
    }
  ],
  "meta": {
    "mocha": {
      "version": "7.0.1"
    },
    "mochawesome": {
      "options": {
        "quiet": false,
        "reportFilename": "mochawesome",
        "saveHtml": false,
        "saveJson": true,
        "consoleReporter": "spec",
        "useInlineDiffs": false,
        "code": true
      },
      "version": "6.3.1"
    },
    "marge": {
      "options": {
        "id": "default",
        "reportDir": "cypress/results/json",
        "overwrite": false,
        "html": false,
        "json": true
      },
      "version": "5.2.0"
    }
  }
}