{
  "stats": {
    "suites": 1,
    "tests": 2,
    "passes": 2,
    "pending": 0,
    "failures": 0,
    "start": "2024-06-04T05:51:11.635Z",
    "end": "2024-06-04T05:51:18.831Z",
    "duration": 7196,
    "testsRegistered": 2,
    "passPercent": 100,
    "pendingPercent": 0,
    "other": 0,
    "hasOther": false,
    "skipped": 0,
    "hasSkipped": false
  },
  "results": [
    {
      "uuid": "20a46429-785d-4411-9cfa-9d9ad3205efe",
      "title": "",
      "fullFile": "cypress/integration/google_search_success_spec.js",
      "file": "cypress/integration/google_search_success_spec.js",
      "beforeHooks": [],
      "afterHooks": [],
      "tests": [],
      "suites": [
        {
          "uuid": "ff4f6fa9-1e29-4c0a-a003-7a372e2d9ece",
          "title": "Google success search",
          "fullFile": "",
          "file": "",
          "beforeHooks": [],
          "afterHooks": [],
          "tests": [
            {
              "title": "Successfully loads Google.com",
              "fullTitle": "Google success search Successfully loads Google.com",
              "timedOut": null,
              "duration": 1391,
              "state": "passed",
              "speed": "fast",
              "pass": true,
              "fail": false,
              "pending": false,
              "context": "\"videos/google_search_success_spec.js.mp4\"",
              "code": "cy.visit('https://www.google.com');",
              "err": {},
              "uuid": "eccd6113-9f32-4a7a-8358-378642151e6e",
              "parentUUID": "ff4f6fa9-1e29-4c0a-a003-7a372e2d9ece",
              "isHook": false,
              "skipped": false
            },
            {
              "title": "Search for a video",
              "fullTitle": "Google success search Search for a video",
              "timedOut": null,
              "duration": 4455,
              "state": "passed",
              "speed": "fast",
              "pass": true,
              "fail": false,
              "pending": false,
              "context": "\"videos/google_search_success_spec.js.mp4\"",
              "code": "cy.get('[name=\"q\"]').type('never gonna give you up youtube').should('have.value', 'never gonna give you up youtube').type('{enter}');",
              "err": {},
              "uuid": "b4148567-4008-433d-a871-af2caa10756f",
              "parentUUID": "ff4f6fa9-1e29-4c0a-a003-7a372e2d9ece",
              "isHook": false,
              "skipped": false
            }
          ],
          "suites": [],
          "passes": [
            "eccd6113-9f32-4a7a-8358-378642151e6e",
            "b4148567-4008-433d-a871-af2caa10756f"
          ],
          "failures": [],
          "pending": [],
          "skipped": [],
          "duration": 5846,
          "root": false,
          "rootEmpty": false,
          "_timeout": 2000
        }
      ],
      "passes": [],
      "failures": [],
      "pending": [],
      "skipped": [],
      "duration": 0,
      "root": true,
      "rootEmpty": true,
      "_timeout": 2000
    }
  ],
  "meta": {
    "mocha": {
      "version": "7.0.1"
    },
    "mochawesome": {
      "options": {
        "quiet": false,
        "reportFilename": "mochawesome",
        "saveHtml": true,
        "saveJson": true,
        "consoleReporter": "spec",
        "useInlineDiffs": false,
        "code": true
      },
      "version": "6.3.1"
    },
    "marge": {
      "options": {
        "configFile": "reporter-config.json"
      },
      "version": "5.2.0"
    }
  }
}